<?xml version="1.0" encoding="UTF-8"?>
<!-- Generated by org.testng.reporters.JUnitReportReporter -->
<testsuite hostname="LAPTOP-4NIJRM88" failures="0" tests="1" name="testScripts.GetOperation" time="2.431" errors="0" timestamp="2025-08-06T10:37:08 IST" skipped="0">
  <testcase classname="testScripts.GetOperation" name="getOper" time="2.431"/>
  <system-out/>
</testsuite> <!-- testScripts.GetOperation -->
