<?xml version="1.0" encoding="UTF-8"?>
<!-- Generated by org.testng.reporters.JUnitReportReporter -->
<testsuite hostname="LAPTOP-4NIJRM88" failures="0" tests="1" name="testScripts.PostOperation" time="3.918" errors="0" timestamp="2025-08-06T09:57:04 IST" skipped="0">
  <testcase classname="testScripts.PostOperation" name="postOper" time="3.918"/>
  <system-out/>
</testsuite> <!-- testScripts.PostOperation -->
